# JRE version: Java(TM) SE Runtime Environment (7.0_45-b18) (build 1.7.0_45-b18)
# Java VM: Java HotSpot(TM) 64-Bit Server VM (24.45-b08 mixed mode windows-amd64 compressed oops)
Heap
 PSYoungGen      total 124416K, used 63681K [0x00000000f5500000, 0x00000000ff900000, 0x0000000100000000)
  eden space 81920K, 67% used [0x00000000f5500000,0x00000000f8b41dd0,0x00000000fa500000)
  from space 42496K, 19% used [0x00000000fa500000,0x00000000facee630,0x00000000fce80000)
  to   space 39424K, 0% used [0x00000000fd280000,0x00000000fd280000,0x00000000ff900000)
 ParOldGen       total 167424K, used 78611K [0x00000000e0000000, 0x00000000ea380000, 0x00000000f5500000)
  object space 167424K, 46% used [0x00000000e0000000,0x00000000e4cc4f18,0x00000000ea380000)
 PSPermGen       total 39936K, used 25794K [0x00000000dae00000, 0x00000000dd500000, 0x00000000e0000000)
  object space 39936K, 64% used [0x00000000dae00000,0x00000000dc7308b0,0x00000000dd500000)
GC Heap History (10 events):
Event: 14.723 GC heap before
{Heap before GC invocations=23 (full 2):
 PSYoungGen      total 116736K, used 68790K [0x00000000f5500000, 0x00000000ff900000, 0x0000000100000000)
  eden space 64512K, 100% used [0x00000000f5500000,0x00000000f9400000,0x00000000f9400000)
  from space 52224K, 8% used [0x00000000fc600000,0x00000000fca2d840,0x00000000ff900000)
  to   space 51200K, 0% used [0x00000000f9400000,0x00000000f9400000,0x00000000fc600000)
 ParOldGen       total 167424K, used 78443K [0x00000000e0000000, 0x00000000ea380000, 0x00000000f5500000)
  object space 167424K, 46% used [0x00000000e0000000,0x00000000e4c9af18,0x00000000ea380000)
 PSPermGen       total 39936K, used 24496K [0x00000000dae00000, 0x00000000dd500000, 0x00000000e0000000)
  object space 39936K, 61% used [0x00000000dae00000,0x00000000dc5ec288,0x00000000dd500000)
Event: 14.751 GC heap after
Heap after GC invocations=23 (full 2):
 PSYoungGen      total 115712K, used 928K [0x00000000f5500000, 0x00000000ffa00000, 0x0000000100000000)
  eden space 64512K, 0% used [0x00000000f5500000,0x00000000f5500000,0x00000000f9400000)
  from space 51200K, 1% used [0x00000000f9400000,0x00000000f94e8040,0x00000000fc600000)
  to   space 49152K, 0% used [0x00000000fca00000,0x00000000fca00000,0x00000000ffa00000)
 ParOldGen       total 167424K, used 78443K [0x00000000e0000000, 0x00000000ea380000, 0x00000000f5500000)
  object space 167424K, 46% used [0x00000000e0000000,0x00000000e4c9af18,0x00000000ea380000)
 PSPermGen       total 39936K, used 24496K [0x00000000dae00000, 0x00000000dd500000, 0x00000000e0000000)
  object space 39936K, 61% used [0x00000000dae00000,0x00000000dc5ec288,0x00000000dd500000)
}
Event: 15.679 GC heap before
{Heap before GC invocations=24 (full 2):
 PSYoungGen      total 115712K, used 65440K [0x00000000f5500000, 0x00000000ffa00000, 0x0000000100000000)
  eden space 64512K, 100% used [0x00000000f5500000,0x00000000f9400000,0x00000000f9400000)
  from space 51200K, 1% used [0x00000000f9400000,0x00000000f94e8040,0x00000000fc600000)
  to   space 49152K, 0% used [0x00000000fca00000,0x00000000fca00000,0x00000000ffa00000)
 ParOldGen       total 167424K, used 78443K [0x00000000e0000000, 0x00000000ea380000, 0x00000000f5500000)
  object space 167424K, 46% used [0x00000000e0000000,0x00000000e4c9af18,0x00000000ea380000)
 PSPermGen       total 39936K, used 24504K [0x00000000dae00000, 0x00000000dd500000, 0x00000000e0000000)
  object space 39936K, 61% used [0x00000000dae00000,0x00000000dc5ee050,0x00000000dd500000)
Event: 15.756 GC heap after
Heap after GC invocations=24 (full 2):
 PSYoungGen      total 121344K, used 848K [0x00000000f5500000, 0x00000000ff980000, 0x0000000100000000)
  eden space 72704K, 0% used [0x00000000f5500000,0x00000000f5500000,0x00000000f9c00000)
  from space 48640K, 1% used [0x00000000fca00000,0x00000000fcad4010,0x00000000ff980000)
  to   space 47104K, 0% used [0x00000000f9c00000,0x00000000f9c00000,0x00000000fca00000)
 ParOldGen       total 167424K, used 78443K [0x00000000e0000000, 0x00000000ea380000, 0x00000000f5500000)
  object space 167424K, 46% used [0x00000000e0000000,0x00000000e4c9af18,0x00000000ea380000)
 PSPermGen       total 39936K, used 24504K [0x00000000dae00000, 0x00000000dd500000, 0x00000000e0000000)
  object space 39936K, 61% used [0x00000000dae00000,0x00000000dc5ee050,0x00000000dd500000)
}
Event: 15.898 GC heap before
{Heap before GC invocations=25 (full 2):
 PSYoungGen      total 121344K, used 73552K [0x00000000f5500000, 0x00000000ff980000, 0x0000000100000000)
  eden space 72704K, 100% used [0x00000000f5500000,0x00000000f9c00000,0x00000000f9c00000)
  from space 48640K, 1% used [0x00000000fca00000,0x00000000fcad4010,0x00000000ff980000)
  to   space 47104K, 0% used [0x00000000f9c00000,0x00000000f9c00000,0x00000000fca00000)
 ParOldGen       total 167424K, used 78443K [0x00000000e0000000, 0x00000000ea380000, 0x00000000f5500000)
  object space 167424K, 46% used [0x00000000e0000000,0x00000000e4c9af18,0x00000000ea380000)
 PSPermGen       total 39936K, used 24616K [0x00000000dae00000, 0x00000000dd500000, 0x00000000e0000000)
  object space 39936K, 61% used [0x00000000dae00000,0x00000000dc60a198,0x00000000dd500000)
Event: 15.988 GC heap after
Heap after GC invocations=25 (full 2):
 PSYoungGen      total 119808K, used 946K [0x00000000f5500000, 0x00000000ffa80000, 0x0000000100000000)
  eden space 72704K, 0% used [0x00000000f5500000,0x00000000f5500000,0x00000000f9c00000)
  from space 47104K, 2% used [0x00000000f9c00000,0x00000000f9cec930,0x00000000fca00000)
  to   space 45056K, 0% used [0x00000000fce80000,0x00000000fce80000,0x00000000ffa80000)
 ParOldGen       total 167424K, used 78443K [0x00000000e0000000, 0x00000000ea380000, 0x00000000f5500000)
  object space 167424K, 46% used [0x00000000e0000000,0x00000000e4c9af18,0x00000000ea380000)
 PSPermGen       total 39936K, used 24616K [0x00000000dae00000, 0x00000000dd500000, 0x00000000e0000000)
  object space 39936K, 61% used [0x00000000dae00000,0x00000000dc60a198,0x00000000dd500000)
}
Event: 16.303 GC heap before
{Heap before GC invocations=26 (full 2):
 PSYoungGen      total 119808K, used 73650K [0x00000000f5500000, 0x00000000ffa80000, 0x0000000100000000)
  eden space 72704K, 100% used [0x00000000f5500000,0x00000000f9c00000,0x00000000f9c00000)
  from space 47104K, 2% used [0x00000000f9c00000,0x00000000f9cec930,0x00000000fca00000)
  to   space 45056K, 0% used [0x00000000fce80000,0x00000000fce80000,0x00000000ffa80000)
 ParOldGen       total 167424K, used 78443K [0x00000000e0000000, 0x00000000ea380000, 0x00000000f5500000)
  object space 167424K, 46% used [0x00000000e0000000,0x00000000e4c9af18,0x00000000ea380000)
 PSPermGen       total 39936K, used 24625K [0x00000000dae00000, 0x00000000dd500000, 0x00000000e0000000)
  object space 39936K, 61% used [0x00000000dae00000,0x00000000dc60c5f8,0x00000000dd500000)
Event: 16.454 GC heap after
Heap after GC invocations=26 (full 2):
 PSYoungGen      total 125440K, used 768K [0x00000000f5500000, 0x00000000ff900000, 0x0000000100000000)
  eden space 81920K, 0% used [0x00000000f5500000,0x00000000f5500000,0x00000000fa500000)
  from space 43520K, 1% used [0x00000000fce80000,0x00000000fcf40040,0x00000000ff900000)
  to   space 42496K, 0% used [0x00000000fa500000,0x00000000fa500000,0x00000000fce80000)
 ParOldGen       total 167424K, used 78603K [0x00000000e0000000, 0x00000000ea380000, 0x00000000f5500000)
  object space 167424K, 46% used [0x00000000e0000000,0x00000000e4cc2f18,0x00000000ea380000)
 PSPermGen       total 39936K, used 24625K [0x00000000dae00000, 0x00000000dd500000, 0x00000000e0000000)
  object space 39936K, 61% used [0x00000000dae00000,0x00000000dc60c5f8,0x00000000dd500000)
}
Event: 18.914 GC heap before
{Heap before GC invocations=27 (full 2):
 PSYoungGen      total 125440K, used 82688K [0x00000000f5500000, 0x00000000ff900000, 0x0000000100000000)
  eden space 81920K, 100% used [0x00000000f5500000,0x00000000fa500000,0x00000000fa500000)
  from space 43520K, 1% used [0x00000000fce80000,0x00000000fcf40040,0x00000000ff900000)
  to   space 42496K, 0% used [0x00000000fa500000,0x00000000fa500000,0x00000000fce80000)
 ParOldGen       total 167424K, used 78603K [0x00000000e0000000, 0x00000000ea380000, 0x00000000f5500000)
  object space 167424K, 46% used [0x00000000e0000000,0x00000000e4cc2f18,0x00000000ea380000)
 PSPermGen       total 39936K, used 25525K [0x00000000dae00000, 0x00000000dd500000, 0x00000000e0000000)
  object space 39936K, 63% used [0x00000000dae00000,0x00000000dc6ed798,0x00000000dd500000)
Event: 19.438 GC heap after
Heap after GC invocations=27 (full 2):
 PSYoungGen      total 124416K, used 8121K [0x00000000f5500000, 0x00000000ff900000, 0x0000000100000000)
  eden space 81920K, 0% used [0x00000000f5500000,0x00000000f5500000,0x00000000fa500000)
  from space 42496K, 19% used [0x00000000fa500000,0x00000000facee630,0x00000000fce80000)
  to   space 39424K, 0% used [0x00000000fd280000,0x00000000fd280000,0x00000000ff900000)
 ParOldGen       total 167424K, used 78611K [0x00000000e0000000, 0x00000000ea380000, 0x00000000f5500000)
  object space 167424K, 46% used [0x00000000e0000000,0x00000000e4cc4f18,0x00000000ea380000)
 PSPermGen       total 39936K, used 25525K [0x00000000dae00000, 0x00000000dd500000, 0x00000000e0000000)
  object space 39936K, 63% used [0x00000000dae00000,0x00000000dc6ed798,0x00000000dd500000)
}

